<?xml version="1.0" encoding="utf-8"?><testsuites name="pytest tests"><testsuite name="pytest" errors="0" failures="0" skipped="0" tests="7" time="1.038" timestamp="2026-09-09T18:50:48.071461+00:00" hostname="agent-env-39e0fe68-b0eb-46fe-b718-e4b670d8400a"><testcase classname="tests.test_food_delivery.TestMenu" name="test_get_menu_returns_12_items" time="0.159" /><testcase classname="tests.test_food_delivery.TestOrders" name="test_create_order_empty_items_returns_400" time="0.199" /><testcase classname="tests.test_food_delivery.TestMenu" name="test_menu_categories_present" time="0.040" /><testcase classname="tests.test_food_delivery.TestOrders" name="test_create_order_missing_field" time="0.044" /><testcase classname="tests.test_food_delivery.TestOrders" name="test_create_order_invalid_product" time="0.054" /><testcase classname="tests.test_food_delivery.TestOrders" name="test_create_order_success_and_get" time="0.147" /><testcase classname="tests.test_food_delivery.TestOrders" name="test_get_nonexistent_order_404" time="0.044" /></testsuite></testsuites>